<?xml version="1.0" encoding="UTF-8"?>
<testng-results ignored="0" total="5" passed="5" failed="0" skipped="0">
  <reporter-output>
  </reporter-output>
  <suite started-at="2023-05-12T17:51:58Z" name="Default suite" finished-at="2023-05-12T17:52:05Z" duration-ms="6250">
    <groups>
    </groups>
    <test started-at="2023-05-12T17:51:58Z" name="Default test" finished-at="2023-05-12T17:52:05Z" duration-ms="6250">
      <class name="api_Crater.CraterItem">
        <test-method is-config="true" signature="setup()[pri:0, instance:api_Crater.CraterItem@56673b2c]" started-at="2023-05-12T17:51:58Z" name="setup" finished-at="2023-05-12T17:51:59Z" duration-ms="806" status="PASS">
          <reporter-output>
          </reporter-output>
        </test-method> <!-- setup -->
        <test-method signature="login()[pri:0, instance:api_Crater.CraterItem@56673b2c]" started-at="2023-05-12T17:51:59Z" name="login" finished-at="2023-05-12T17:52:02Z" duration-ms="2582" status="PASS">
          <reporter-output>
          </reporter-output>
        </test-method> <!-- login -->
        <test-method signature="invalidScenario()[pri:1, instance:api_Crater.CraterItem@56673b2c]" started-at="2023-05-12T17:52:02Z" name="invalidScenario" finished-at="2023-05-12T17:52:03Z" duration-ms="927" status="PASS">
          <reporter-output>
          </reporter-output>
        </test-method> <!-- invalidScenario -->
        <test-method signature="logout()[pri:2, instance:api_Crater.CraterItem@56673b2c]" started-at="2023-05-12T17:52:03Z" name="logout" finished-at="2023-05-12T17:52:03Z" depends-on-methods="api_Crater.CraterItem.login" duration-ms="487" status="PASS">
          <reporter-output>
          </reporter-output>
        </test-method> <!-- logout -->
        <test-method signature="logoutWithIncorrectAuthorization()[pri:3, instance:api_Crater.CraterItem@56673b2c]" started-at="2023-05-12T17:52:03Z" name="logoutWithIncorrectAuthorization" finished-at="2023-05-12T17:52:04Z" duration-ms="760" status="PASS">
          <reporter-output>
          </reporter-output>
        </test-method> <!-- logoutWithIncorrectAuthorization -->
        <test-method signature="logoutWithIncorrectEndpoint()[pri:4, instance:api_Crater.CraterItem@56673b2c]" started-at="2023-05-12T17:52:04Z" name="logoutWithIncorrectEndpoint" finished-at="2023-05-12T17:52:05Z" duration-ms="657" status="PASS">
          <reporter-output>
          </reporter-output>
        </test-method> <!-- logoutWithIncorrectEndpoint -->
      </class> <!-- api_Crater.CraterItem -->
    </test> <!-- Default test -->
  </suite> <!-- Default suite -->
</testng-results>
